  源.cpp
c:\users\wait\desktop\机试\pat\1017\1017\源.cpp(29): error C2679: 二进制“>>”: 没有找到接受“const char [2]”类型的右操作数的运算符(或没有可接受的转换)
  c:\program files (x86)\microsoft visual studio 14.0\vc\include\istream(482): note: 可能是“std::basic_istream<char,std::char_traits<char>> &std::basic_istream<char,std::char_traits<char>>::operator >>(std::basic_streambuf<char,std::char_traits<char>> *)”
  c:\program files (x86)\microsoft visual studio 14.0\vc\include\istream(463): note: 或  “std::basic_istream<char,std::char_traits<char>> &std::basic_istream<char,std::char_traits<char>>::operator >>(void *&)”
  c:\program files (x86)\microsoft visual studio 14.0\vc\include\istream(445): note: 或  “std::basic_istream<char,std::char_traits<char>> &std::basic_istream<char,std::char_traits<char>>::operator >>(long double &)”
  c:\program files (x86)\microsoft visual studio 14.0\vc\include\istream(427): note: 或  “std::basic_istream<char,std::char_traits<char>> &std::basic_istream<char,std::char_traits<char>>::operator >>(double &)”
  c:\program files (x86)\microsoft visual studio 14.0\vc\include\istream(408): note: 或  “std::basic_istream<char,std::char_traits<char>> &std::basic_istream<char,std::char_traits<char>>::operator >>(float &)”
  c:\program files (x86)\microsoft visual studio 14.0\vc\include\istream(390): note: 或  “std::basic_istream<char,std::char_traits<char>> &std::basic_istream<char,std::char_traits<char>>::operator >>(unsigned __int64 &)”
  c:\program files (x86)\microsoft visual studio 14.0\vc\include\istream(371): note: 或  “std::basic_istream<char,std::char_traits<char>> &std::basic_istream<char,std::char_traits<char>>::operator >>(__int64 &)”
  c:\program files (x86)\microsoft visual studio 14.0\vc\include\istream(352): note: 或  “std::basic_istream<char,std::char_traits<char>> &std::basic_istream<char,std::char_traits<char>>::operator >>(unsigned long &)”
  c:\program files (x86)\microsoft visual studio 14.0\vc\include\istream(334): note: 或  “std::basic_istream<char,std::char_traits<char>> &std::basic_istream<char,std::char_traits<char>>::operator >>(long &)”
  c:\program files (x86)\microsoft visual studio 14.0\vc\include\istream(316): note: 或  “std::basic_istream<char,std::char_traits<char>> &std::basic_istream<char,std::char_traits<char>>::operator >>(unsigned int &)”
  c:\program files (x86)\microsoft visual studio 14.0\vc\include\istream(290): note: 或  “std::basic_istream<char,std::char_traits<char>> &std::basic_istream<char,std::char_traits<char>>::operator >>(int &)”
  c:\program files (x86)\microsoft visual studio 14.0\vc\include\istream(271): note: 或  “std::basic_istream<char,std::char_traits<char>> &std::basic_istream<char,std::char_traits<char>>::operator >>(unsigned short &)”
  c:\program files (x86)\microsoft visual studio 14.0\vc\include\istream(236): note: 或  “std::basic_istream<char,std::char_traits<char>> &std::basic_istream<char,std::char_traits<char>>::operator >>(short &)”
  c:\program files (x86)\microsoft visual studio 14.0\vc\include\istream(217): note: 或  “std::basic_istream<char,std::char_traits<char>> &std::basic_istream<char,std::char_traits<char>>::operator >>(bool &)”
  c:\program files (x86)\microsoft visual studio 14.0\vc\include\istream(210): note: 或  “std::basic_istream<char,std::char_traits<char>> &std::basic_istream<char,std::char_traits<char>>::operator >>(std::ios_base &(__cdecl *)(std::ios_base &))”
  c:\program files (x86)\microsoft visual studio 14.0\vc\include\istream(203): note: 或  “std::basic_istream<char,std::char_traits<char>> &std::basic_istream<char,std::char_traits<char>>::operator >>(std::basic_ios<char,std::char_traits<char>> &(__cdecl *)(std::basic_ios<char,std::char_traits<char>> &))”
  c:\program files (x86)\microsoft visual studio 14.0\vc\include\istream(197): note: 或  “std::basic_istream<char,std::char_traits<char>> &std::basic_istream<char,std::char_traits<char>>::operator >>(std::basic_istream<char,std::char_traits<char>> &(__cdecl *)(std::basic_istream<char,std::char_traits<char>> &))”
  c:\program files (x86)\microsoft visual studio 14.0\vc\include\istream(1104): note: 或  “std::basic_istream<char,std::char_traits<char>> &std::operator >><char,std::char_traits<char>,const char[2]>(std::basic_istream<char,std::char_traits<char>> &&,_Ty (&))”
          with
          [
              _Ty=const char [2]
          ]
  c:\program files (x86)\microsoft visual studio 14.0\vc\include\istream(1094): note: 或  “std::basic_istream<char,std::char_traits<char>> &std::operator >><std::char_traits<char>>(std::basic_istream<char,std::char_traits<char>> &,unsigned char &)”
  c:\program files (x86)\microsoft visual studio 14.0\vc\include\istream(1087): note: 或  “std::basic_istream<char,std::char_traits<char>> &std::operator >><std::char_traits<char>>(std::basic_istream<char,std::char_traits<char>> &,unsigned char *)”
  c:\program files (x86)\microsoft visual studio 14.0\vc\include\istream(1080): note: 或  “std::basic_istream<char,std::char_traits<char>> &std::operator >><std::char_traits<char>>(std::basic_istream<char,std::char_traits<char>> &,signed char &)”
  c:\program files (x86)\microsoft visual studio 14.0\vc\include\istream(1073): note: 或  “std::basic_istream<char,std::char_traits<char>> &std::operator >><std::char_traits<char>>(std::basic_istream<char,std::char_traits<char>> &,signed char *)”
  c:\users\wait\desktop\机试\pat\1017\1017\源.cpp(29): note: 尝试匹配参数列表“(std::basic_istream<char,std::char_traits<char>>, const char [2])”时
